SF:src\TimeRecords.jl
LH:0
LF:0
end_of_record
SF:src\_CalculatedTag.jl
DA:1,8
DA:2,4
DA:7,24
DA:13,12
DA:14,12
DA:15,12
DA:19,2
DA:20,1
DA:21,4
DA:22,5
DA:23,1
DA:26,2
DA:27,1
DA:28,4
DA:29,5
DA:30,1
DA:33,8
DA:34,8
DA:35,4
DA:38,4
DA:39,4
DA:42,0
DA:43,0
DA:47,8
DA:48,8
DA:51,2
DA:52,124
DA:53,8
DA:55,8
DA:56,2
DA:57,4
DA:58,62
DA:59,6
DA:61,6
DA:63,8
DA:67,232
DA:70,348
DA:71,348
DA:72,174
DA:73,174
DA:74,87
DA:75,87
DA:76,87
DA:78,0
DA:81,4
DA:82,4
DA:83,4
DA:84,8
DA:85,4
DA:87,0
DA:91,4
DA:92,4
LH:48
LF:52
end_of_record
SF:src\_TimeRecord.jl
DA:14,1
DA:15,1
DA:16,1
DA:18,2970
DA:19,3950
DA:20,3950
DA:21,5923
DA:22,0
DA:30,2
DA:31,2
DA:32,2
DA:36,1
DA:37,1
DA:40,6238
DA:41,4814
DA:42,6
DA:43,52790
DA:45,1
DA:48,32156
DA:54,7340
DA:58,3
DA:59,1
DA:60,0
DA:61,84
DA:64,8
DA:65,29
DA:66,1
DA:67,1
DA:69,8
DA:70,15
DA:71,8
DA:72,8
DA:75,7
DA:76,1
DA:77,0
DA:85,1
DA:86,1
DA:87,1
DA:95,2
DA:96,3
DA:97,4
DA:98,1
DA:100,2
DA:110,2474
DA:112,1
DA:113,0
DA:115,1
DA:116,0
DA:118,1279
DA:119,1666
DA:120,1000
DA:121,0
DA:123,24
DA:124,0
DA:125,0
DA:126,0
DA:128,843
LH:48
LF:57
end_of_record
SF:src\_TimeSeries.jl
DA:29,8726
DA:30,4365
DA:31,4363
DA:32,2474
DA:33,152
DA:35,4363
DA:42,8456
DA:43,86
DA:44,2
DA:45,56
DA:46,23
DA:48,1
DA:49,1
DA:50,1
DA:51,0
DA:69,22
DA:70,15
DA:73,2
DA:74,2
DA:75,2
DA:76,2
DA:77,2
DA:79,2
DA:86,14
DA:87,7
DA:88,4
DA:89,3
DA:91,4
DA:92,2
DA:94,1
DA:97,1
DA:98,1
DA:99,1
DA:107,1
DA:108,1
DA:109,1
DA:120,90
DA:123,2
DA:124,9
DA:125,79
DA:126,1
DA:135,5
DA:139,6
DA:140,1
DA:141,1
DA:147,4
DA:155,7688
DA:156,2
DA:164,5
DA:165,1
DA:172,2
DA:173,1
DA:180,1
DA:181,1
DA:188,21
DA:189,1
DA:191,2
DA:192,2
DA:193,12
DA:199,22639
DA:200,23353
DA:201,22919
DA:202,68285
DA:205,117
DA:206,114
DA:207,113
DA:208,199
DA:211,13467
DA:212,6
DA:213,2
DA:214,4
DA:215,4198
DA:218,10
DA:222,8
DA:223,8
DA:227,8
DA:228,8
DA:232,2
DA:233,2
DA:234,4
DA:235,6
DA:236,6
DA:237,10
DA:238,2
DA:242,4
DA:244,18
DA:245,18
DA:246,18
DA:249,18
DA:250,17
DA:252,1
DA:254,17
DA:258,10
DA:259,10
DA:260,8
DA:261,8
DA:263,2
DA:268,3
DA:269,3
DA:270,6
DA:271,9
DA:272,15
DA:273,3
DA:277,2
DA:278,6
DA:279,10
DA:280,2
DA:283,1
DA:284,2
DA:285,1
DA:287,1
DA:289,1
DA:290,2
DA:291,1
DA:293,1
DA:300,4402
DA:301,6527
DA:302,2199
DA:303,4
DA:304,1
DA:306,1
DA:307,1
DA:309,2201
DA:311,2
DA:313,2
DA:314,1
DA:315,9
DA:316,2
DA:318,0
DA:326,2
DA:327,2
DA:328,1
DA:330,2
DA:331,1
DA:340,1666
DA:341,1666
DA:342,1
DA:344,1665
DA:345,3315
DA:346,1664
DA:349,1662
DA:357,6
DA:358,2
DA:366,2
DA:367,2
DA:368,10
DA:369,18
DA:370,2
DA:384,8
DA:385,4
DA:386,7
DA:387,70
DA:388,26
DA:391,3
DA:392,4
DA:398,1
DA:399,1
DA:402,2
DA:403,1
DA:409,6
DA:410,6
DA:411,6
DA:412,16
DA:413,22
DA:414,6
DA:421,6
DA:427,3
DA:428,1
DA:430,4
DA:432,2
DA:433,2
DA:434,1
DA:436,6
LH:171
LF:173
end_of_record
SF:src\_TimeSeriesCollector.jl
DA:16,44
DA:22,22
DA:23,1
DA:24,21
DA:25,1
DA:27,20
DA:32,1
DA:46,2196
DA:47,1098
DA:48,1510
DA:49,686
DA:51,824
DA:66,2
DA:67,2
DA:68,3
DA:69,1
DA:71,2
DA:87,2196
DA:88,1098
DA:89,1098
DA:90,1098
DA:106,2198
DA:107,2198
DA:108,3664
DA:110,2198
DA:112,831
DA:115,831
DA:118,831
DA:121,1662
DA:122,1662
DA:123,3324
DA:124,831
DA:126,1367
DA:130,836
DA:131,1667
DA:135,412
DA:139,2198
DA:140,2198
DA:141,2198
DA:142,38
DA:143,1
DA:145,38
DA:147,2198
DA:148,2198
DA:157,2198
DA:158,3664
DA:159,2198
LH:47
LF:47
end_of_record
SF:src\__test_plotting.jl
LH:0
LF:0
end_of_record
SF:src\aggregations.jl
DA:9,8
DA:10,10
DA:21,2
DA:22,4
DA:30,1
DA:31,1
DA:39,1
DA:40,1
DA:51,16
DA:52,16
DA:53,10
DA:54,66
DA:55,10
DA:67,4
DA:68,8
DA:70,2
DA:71,8
DA:72,8
DA:73,14
DA:74,2
DA:83,434
DA:84,217
DA:85,2
DA:87,215
DA:88,2
DA:89,2
DA:91,213
DA:92,2
DA:93,1
DA:95,2
DA:99,422
DA:100,422
DA:103,229
DA:104,227
DA:107,210
DA:108,4
DA:112,206
DA:113,206
DA:114,0
DA:116,206
DA:119,221
DA:122,206
DA:123,74
DA:127,221
DA:129,206
DA:138,229
DA:139,118
DA:140,118
DA:141,3
DA:143,115
DA:153,146
DA:154,73
DA:155,1
DA:158,72
DA:159,72
DA:160,81
DA:161,72
DA:162,72
DA:165,548
DA:166,501
DA:167,90
DA:168,456
DA:169,457
DA:171,1
DA:179,910
DA:183,45
DA:184,90
DA:195,8
DA:196,4
DA:197,4
DA:205,8
DA:206,4
DA:207,4
LH:72
LF:73
end_of_record
SF:src\episodes.jl
DA:5,1
DA:7,2
DA:8,1
DA:14,2
DA:15,1
DA:21,1
DA:22,1
DA:23,1
DA:26,1
DA:27,1
DA:28,8
DA:29,8
DA:30,2
DA:32,6
DA:33,1
DA:37,6
DA:38,2
DA:40,4
DA:44,2
DA:45,4
DA:46,2
DA:47,2
DA:48,2
DA:50,0
DA:54,4
DA:55,2
DA:56,2
DA:57,2
DA:59,2
DA:63,4
DA:64,2
DA:65,2
LH:31
LF:32
end_of_record
SF:src\find.jl
DA:6,3302
DA:7,4
DA:14,13344
DA:15,4
DA:24,23
DA:25,919
DA:26,2
DA:29,866
DA:30,866
DA:31,866
DA:40,2
DA:41,4
DA:42,2
DA:43,2
DA:53,23
DA:54,3388
DA:55,2
DA:58,6722
DA:59,5636
DA:60,3363
DA:68,2
DA:69,4
DA:70,4
DA:71,2
DA:81,4909
DA:82,10098
DA:83,14482
DA:85,4909
DA:86,9816
DA:88,4909
DA:89,14377
DA:90,8146
DA:91,1462
DA:93,3342
DA:97,385
DA:98,178
DA:99,32
DA:101,73
DA:115,498
DA:116,984
DA:117,498
DA:128,4246
DA:129,4246
DA:130,4246
DA:132,4246
DA:133,20
DA:134,4226
DA:135,10
DA:138,11486
DA:139,7270
DA:140,7270
DA:141,2324
DA:143,4946
DA:145,7270
DA:147,4216
DA:150,4289
DA:155,70
DA:156,70
DA:157,70
DA:159,70
DA:160,70
DA:162,128
DA:163,130
DA:165,70
DA:167,33
DA:168,5
DA:177,25
DA:178,41
DA:187,2
DA:188,2
DA:189,4
DA:190,2
DA:193,26
DA:194,2
DA:203,7925
DA:204,7451
DA:205,13792
DA:214,49
DA:221,202
DA:222,202
DA:225,4
DA:233,73
DA:237,3342
DA:241,4216
DA:242,4216
DA:243,4216
DA:244,4216
LH:87
LF:87
end_of_record
SF:src\interpolations.jl
DA:13,497
DA:14,250
DA:15,229
DA:16,21
DA:17,19
DA:19,2
DA:32,13
DA:33,8
DA:34,3
DA:35,5
DA:36,3
DA:38,2
DA:47,457
DA:48,422
DA:49,386
DA:50,36
DA:51,34
DA:53,2
DA:63,16
DA:64,13
DA:65,16
DA:66,78
DA:76,8
DA:77,8
DA:78,8
DA:79,26
DA:87,314
DA:88,590
DA:89,314
DA:98,24
DA:99,26
DA:100,14
DA:101,4
DA:103,10
DA:111,670
DA:112,670
DA:113,670
DA:117,89
DA:118,63
DA:119,63
DA:123,63
DA:124,63
DA:125,63
DA:127,63
DA:128,37
DA:131,26
DA:132,26
LH:47
LF:47
end_of_record
SF:src\math.jl
DA:12,1
DA:13,1
DA:14,1
DA:15,3
DA:16,4
DA:17,1
DA:21,20
DA:22,20
DA:23,20
DA:26,1
DA:29,20
DA:30,20
DA:31,20
DA:33,21
DA:37,20
DA:38,25
DA:39,7
DA:44,13
DA:49,2
LH:19
LF:19
end_of_record
