SF:src\TimeRecords.jl
LH:0
LF:0
end_of_record
SF:src\_TimeRecord.jl
DA:4,0
DA:5,0
DA:7,44435
DA:8,3583
DA:10,0
DA:11,2196
DA:12,0
DA:15,28126
DA:21,5183
DA:25,3
DA:26,20
DA:29,0
DA:30,0
DA:31,0
DA:32,0
DA:33,0
DA:34,10
DA:35,0
DA:36,0
DA:38,0
DA:39,0
DA:40,0
DA:45,11
DA:46,11
DA:47,11
DA:53,11
DA:54,15
DA:55,0
DA:57,11
DA:66,2599
DA:69,0
DA:70,0
DA:72,900
DA:73,1662
DA:74,68
DA:76,2587
DA:78,0
DA:79,9288
DA:80,0
DA:81,0
DA:82,0
DA:83,58
DA:85,12
LH:22
LF:43
end_of_record
SF:src\_TimeSeries.jl
DA:15,127529
DA:16,0
DA:17,0
DA:18,10
DA:19,0
DA:21,0
DA:22,6
DA:25,52770
DA:26,0
DA:27,0
DA:28,4190
DA:29,0
DA:32,0
DA:33,0
DA:37,8
DA:38,8
DA:39,8
DA:43,1
DA:44,1
DA:45,1
DA:46,2
DA:47,3
DA:48,3
DA:49,5
DA:50,1
DA:54,4
DA:55,4
DA:56,0
DA:58,4
DA:59,4
DA:61,4
DA:65,2
DA:66,6
DA:67,2
DA:68,2
DA:71,1
DA:72,1
DA:73,3
DA:74,5
DA:75,1
DA:78,4
DA:79,4
DA:80,4
DA:83,0
DA:84,0
DA:85,0
DA:88,8230
DA:89,12819
DA:90,21121
DA:91,20777
DA:92,2
DA:99,4400
DA:100,6528
DA:101,2196
DA:102,8
DA:103,0
DA:105,4
DA:106,4
DA:108,2200
DA:111,0
DA:112,0
DA:113,0
DA:114,0
DA:122,2
DA:123,2
DA:124,1
DA:126,2
DA:127,1
DA:136,1663
DA:137,1663
DA:138,1
DA:140,1662
DA:141,3312
DA:142,1662
DA:145,1660
DA:153,2
DA:161,1
DA:162,1
DA:163,5
DA:164,9
DA:165,1
DA:173,0
DA:183,8604
DA:184,4302
DA:185,4220
DA:187,82
DA:195,22
DA:196,66
DA:197,2
DA:198,20
DA:199,23
DA:208,9
DA:211,0
DA:212,4
DA:213,5
DA:214,0
DA:224,0
DA:225,0
DA:226,0
DA:229,4
DA:230,9
DA:231,2
DA:234,2
DA:235,2
DA:238,0
DA:239,0
LH:80
LF:106
end_of_record
SF:src\_TimeSeriesCollector.jl
DA:17,36
DA:22,18
DA:23,18
DA:24,0
DA:25,18
DA:26,0
DA:28,18
DA:33,0
DA:47,1098
DA:48,1098
DA:49,1510
DA:50,686
DA:52,824
DA:68,0
DA:69,0
DA:70,0
DA:71,0
DA:73,0
DA:89,1098
DA:90,1098
DA:91,1098
DA:92,1098
DA:108,2196
DA:109,2196
DA:110,3660
DA:112,2196
DA:114,1660
DA:117,830
DA:120,830
DA:123,1660
DA:124,1660
DA:125,3320
DA:126,830
DA:128,1366
DA:132,1666
DA:133,1666
DA:136,412
DA:137,412
DA:141,4392
DA:142,2196
DA:143,2196
DA:144,36
DA:145,0
DA:147,36
DA:149,2196
DA:150,2196
DA:158,2196
DA:159,2196
DA:160,3660
DA:161,2196
LH:41
LF:50
end_of_record
SF:src\__assembly.jl
LH:0
LF:0
end_of_record
SF:src\__test_plotting.jl
LH:0
LF:0
end_of_record
SF:src\aggregations.jl
DA:11,4
DA:12,4
DA:24,4
DA:25,4
DA:36,0
DA:37,0
DA:48,0
DA:49,0
DA:61,12
DA:62,4
DA:63,16
DA:64,8
DA:77,4
DA:78,8
DA:80,2
DA:81,8
DA:82,8
DA:83,14
DA:84,2
DA:93,28
DA:94,14
DA:95,0
DA:97,14
DA:98,0
DA:99,0
DA:101,14
DA:102,0
DA:103,0
DA:105,0
DA:109,28
DA:110,28
DA:113,21
DA:114,21
DA:117,14
DA:118,4
DA:122,10
DA:123,10
DA:124,0
DA:126,10
DA:129,10
DA:132,10
DA:133,4
DA:137,10
DA:139,10
DA:148,20
DA:149,10
DA:150,10
DA:151,2
DA:153,8
DA:163,6
DA:164,2
DA:165,0
DA:168,2
DA:169,2
DA:170,2
DA:171,2
DA:172,2
DA:175,68
DA:176,34
DA:177,17
DA:178,17
DA:179,17
DA:181,0
DA:188,17
DA:189,34
DA:192,17
DA:193,17
DA:194,34
DA:205,4
DA:206,2
DA:207,2
DA:215,4
DA:216,2
DA:217,2
LH:61
LF:74
end_of_record
SF:src\find.jl
DA:8,1652
DA:9,2
DA:16,6670
DA:17,2
DA:26,859
DA:27,863
DA:28,2
DA:31,841
DA:32,841
DA:33,841
DA:42,0
DA:43,0
DA:44,0
DA:45,0
DA:55,3360
DA:56,3360
DA:57,2
DA:60,6690
DA:61,5608
DA:62,3346
DA:70,0
DA:71,0
DA:72,0
DA:73,0
DA:76,0
DA:85,4245
DA:86,8529
DA:87,12930
DA:89,4245
DA:90,8488
DA:92,4245
DA:93,12906
DA:94,6987
DA:95,1455
DA:97,2766
DA:101,63
DA:102,38
DA:103,10
DA:105,14
DA:118,40
DA:119,40
DA:120,73
DA:121,40
DA:132,4213
DA:133,4213
DA:134,4213
DA:136,4213
DA:137,15
DA:138,4198
DA:139,7
DA:142,11408
DA:143,7217
DA:144,7217
DA:145,2315
DA:147,4902
DA:149,7217
DA:151,4191
DA:154,4204
DA:161,7
DA:162,7
DA:163,14
DA:172,2
DA:173,2
DA:174,4
DA:175,2
DA:178,14
DA:179,0
DA:187,6762
DA:188,6795
DA:189,6762
DA:190,12429
DA:198,9
DA:199,18
DA:205,8
DA:206,8
DA:207,8
DA:210,2
DA:217,14
DA:218,14
DA:221,2766
DA:222,2766
DA:225,4191
DA:226,4191
DA:227,4191
DA:228,4191
DA:229,4191
LH:76
LF:86
end_of_record
SF:src\interpolations.jl
DA:15,36
DA:16,17
DA:17,11
DA:18,6
DA:19,6
DA:21,0
DA:33,2
DA:34,1
DA:35,1
DA:36,0
DA:37,0
DA:39,0
DA:48,70
DA:49,28
DA:50,14
DA:51,14
DA:52,14
DA:54,0
DA:57,0
DA:58,0
DA:66,17
DA:67,7
DA:68,14
DA:69,45
DA:70,7
DA:77,0
DA:78,0
DA:79,0
DA:80,0
DA:81,0
DA:89,90
DA:90,75
DA:91,48
DA:100,2
DA:101,1
DA:102,1
DA:103,1
DA:105,0
DA:116,36
DA:117,36
DA:118,36
DA:119,36
DA:122,34
DA:123,52
DA:124,34
DA:125,34
DA:128,0
DA:129,0
DA:130,0
DA:131,0
DA:134,34
DA:135,34
DA:136,34
DA:137,34
DA:139,34
DA:140,16
DA:143,18
DA:144,18
LH:41
LF:58
end_of_record
SF:src\tabular_form.jl
DA:8,0
DA:9,0
DA:10,0
DA:11,0
DA:12,0
DA:13,0
DA:14,0
DA:16,0
DA:23,1
DA:24,1
DA:25,1
DA:26,2
DA:27,3
DA:28,1
DA:35,1
DA:36,1
DA:43,0
DA:44,0
DA:50,2
DA:51,1
LH:10
LF:20
end_of_record
